2024-08-29T15:50:36.630Z - File created: C:\Users\mahmoed hassan\Desktop\node js assignment\file_changes.log
2024-08-29T15:50:36.632Z - File created: C:\Users\mahmoed hassan\Desktop\node js assignment\index.js
2024-08-29T15:50:36.632Z - File created: C:\Users\mahmoed hassan\Desktop\node js assignment\package-lock.json
2024-08-29T15:50:36.633Z - File created: C:\Users\mahmoed hassan\Desktop\node js assignment\package.json
2024-08-29T15:50:36.638Z - File created: C:\Users\mahmoed hassan\Desktop\node js assignment\node_modules\.package-lock.json
2024-08-29T15:50:36.668Z - File created: C:\Users\mahmoed hassan\Desktop\node js assignment\node_modules\anymatch\index.d.ts
2024-08-29T15:50:36.670Z - File created: C:\Users\mahmoed hassan\Desktop\node js assignment\node_modules\anymatch\index.js
2024-08-29T15:50:36.670Z - File created: C:\Users\mahmoed hassan\Desktop\node js assignment\node_modules\anymatch\LICENSE
2024-08-29T15:50:36.671Z - File created: C:\Users\mahmoed hassan\Desktop\node js assignment\node_modules\anymatch\package.json
2024-08-29T15:50:36.671Z - File created: C:\Users\mahmoed hassan\Desktop\node js assignment\node_modules\anymatch\README.md
2024-08-29T15:50:36.672Z - File created: C:\Users\mahmoed hassan\Desktop\node js assignment\node_modules\braces\index.js
2024-08-29T15:50:36.672Z - File created: C:\Users\mahmoed hassan\Desktop\node js assignment\node_modules\braces\LICENSE
2024-08-29T15:50:36.673Z - File created: C:\Users\mahmoed hassan\Desktop\node js assignment\node_modules\braces\package.json
2024-08-29T15:50:36.673Z - File created: C:\Users\mahmoed hassan\Desktop\node js assignment\node_modules\braces\README.md
2024-08-29T15:50:36.674Z - File created: C:\Users\mahmoed hassan\Desktop\node js assignment\node_modules\binary-extensions\binary-extensions.json
2024-08-29T15:50:36.675Z - File created: C:\Users\mahmoed hassan\Desktop\node js assignment\node_modules\binary-extensions\binary-extensions.json.d.ts
2024-08-29T15:50:36.675Z - File created: C:\Users\mahmoed hassan\Desktop\node js assignment\node_modules\binary-extensions\index.d.ts
2024-08-29T15:50:36.677Z - File created: C:\Users\mahmoed hassan\Desktop\node js assignment\node_modules\binary-extensions\index.js
2024-08-29T15:50:36.678Z - File created: C:\Users\mahmoed hassan\Desktop\node js assignment\node_modules\binary-extensions\license
2024-08-29T15:50:36.679Z - File created: C:\Users\mahmoed hassan\Desktop\node js assignment\node_modules\binary-extensions\package.json
2024-08-29T15:50:36.679Z - File created: C:\Users\mahmoed hassan\Desktop\node js assignment\node_modules\binary-extensions\readme.md
2024-08-29T15:50:36.680Z - File created: C:\Users\mahmoed hassan\Desktop\node js assignment\node_modules\fill-range\index.js
2024-08-29T15:50:36.680Z - File created: C:\Users\mahmoed hassan\Desktop\node js assignment\node_modules\fill-range\LICENSE
2024-08-29T15:50:36.681Z - File created: C:\Users\mahmoed hassan\Desktop\node js assignment\node_modules\fill-range\package.json
2024-08-29T15:50:36.681Z - File created: C:\Users\mahmoed hassan\Desktop\node js assignment\node_modules\fill-range\README.md
2024-08-29T15:50:36.682Z - File created: C:\Users\mahmoed hassan\Desktop\node js assignment\node_modules\chokidar\index.js
2024-08-29T15:50:36.682Z - File created: C:\Users\mahmoed hassan\Desktop\node js assignment\node_modules\chokidar\LICENSE
2024-08-29T15:50:36.683Z - File created: C:\Users\mahmoed hassan\Desktop\node js assignment\node_modules\chokidar\package.json
2024-08-29T15:50:36.683Z - File created: C:\Users\mahmoed hassan\Desktop\node js assignment\node_modules\chokidar\README.md
2024-08-29T15:50:36.684Z - File created: C:\Users\mahmoed hassan\Desktop\node js assignment\node_modules\fs\package.json
2024-08-29T15:50:36.684Z - File created: C:\Users\mahmoed hassan\Desktop\node js assignment\node_modules\fs\README.md
2024-08-29T15:50:36.685Z - File created: C:\Users\mahmoed hassan\Desktop\node js assignment\node_modules\glob-parent\CHANGELOG.md
2024-08-29T15:50:36.685Z - File created: C:\Users\mahmoed hassan\Desktop\node js assignment\node_modules\glob-parent\index.js
2024-08-29T15:50:36.686Z - File created: C:\Users\mahmoed hassan\Desktop\node js assignment\node_modules\glob-parent\LICENSE
2024-08-29T15:50:36.686Z - File created: C:\Users\mahmoed hassan\Desktop\node js assignment\node_modules\glob-parent\package.json
2024-08-29T15:50:36.687Z - File created: C:\Users\mahmoed hassan\Desktop\node js assignment\node_modules\glob-parent\README.md
2024-08-29T15:50:36.687Z - File created: C:\Users\mahmoed hassan\Desktop\node js assignment\node_modules\inherits\inherits.js
2024-08-29T15:50:36.688Z - File created: C:\Users\mahmoed hassan\Desktop\node js assignment\node_modules\inherits\inherits_browser.js
2024-08-29T15:50:36.688Z - File created: C:\Users\mahmoed hassan\Desktop\node js assignment\node_modules\inherits\LICENSE
2024-08-29T15:50:36.689Z - File created: C:\Users\mahmoed hassan\Desktop\node js assignment\node_modules\inherits\package.json
2024-08-29T15:50:36.689Z - File created: C:\Users\mahmoed hassan\Desktop\node js assignment\node_modules\inherits\README.md
2024-08-29T15:50:36.690Z - File created: C:\Users\mahmoed hassan\Desktop\node js assignment\node_modules\is-extglob\index.js
2024-08-29T15:50:36.690Z - File created: C:\Users\mahmoed hassan\Desktop\node js assignment\node_modules\is-extglob\LICENSE
2024-08-29T15:50:36.691Z - File created: C:\Users\mahmoed hassan\Desktop\node js assignment\node_modules\is-extglob\package.json
2024-08-29T15:50:36.691Z - File created: C:\Users\mahmoed hassan\Desktop\node js assignment\node_modules\is-extglob\README.md
2024-08-29T15:50:36.692Z - File created: C:\Users\mahmoed hassan\Desktop\node js assignment\node_modules\is-binary-path\index.d.ts
2024-08-29T15:50:36.694Z - File created: C:\Users\mahmoed hassan\Desktop\node js assignment\node_modules\is-binary-path\index.js
2024-08-29T15:50:36.695Z - File created: C:\Users\mahmoed hassan\Desktop\node js assignment\node_modules\is-binary-path\license
2024-08-29T15:50:36.695Z - File created: C:\Users\mahmoed hassan\Desktop\node js assignment\node_modules\is-binary-path\package.json
2024-08-29T15:50:36.696Z - File created: C:\Users\mahmoed hassan\Desktop\node js assignment\node_modules\is-binary-path\readme.md
2024-08-29T15:50:36.696Z - File created: C:\Users\mahmoed hassan\Desktop\node js assignment\node_modules\is-glob\index.js
2024-08-29T15:50:36.697Z - File created: C:\Users\mahmoed hassan\Desktop\node js assignment\node_modules\is-glob\LICENSE
2024-08-29T15:50:36.697Z - File created: C:\Users\mahmoed hassan\Desktop\node js assignment\node_modules\is-glob\package.json
2024-08-29T15:50:36.697Z - File created: C:\Users\mahmoed hassan\Desktop\node js assignment\node_modules\is-glob\README.md
2024-08-29T15:50:36.698Z - File created: C:\Users\mahmoed hassan\Desktop\node js assignment\node_modules\is-number\index.js
2024-08-29T15:50:36.698Z - File created: C:\Users\mahmoed hassan\Desktop\node js assignment\node_modules\is-number\LICENSE
2024-08-29T15:50:36.699Z - File created: C:\Users\mahmoed hassan\Desktop\node js assignment\node_modules\is-number\package.json
2024-08-29T15:50:36.699Z - File created: C:\Users\mahmoed hassan\Desktop\node js assignment\node_modules\is-number\README.md
2024-08-29T15:50:36.700Z - File created: C:\Users\mahmoed hassan\Desktop\node js assignment\node_modules\path\.npmignore
2024-08-29T15:50:36.700Z - File created: C:\Users\mahmoed hassan\Desktop\node js assignment\node_modules\path\LICENSE
2024-08-29T15:50:36.701Z - File created: C:\Users\mahmoed hassan\Desktop\node js assignment\node_modules\path\package.json
2024-08-29T15:50:36.701Z - File created: C:\Users\mahmoed hassan\Desktop\node js assignment\node_modules\path\path.js
2024-08-29T15:50:36.702Z - File created: C:\Users\mahmoed hassan\Desktop\node js assignment\node_modules\path\README.md
2024-08-29T15:50:36.702Z - File created: C:\Users\mahmoed hassan\Desktop\node js assignment\node_modules\picomatch\CHANGELOG.md
2024-08-29T15:50:36.703Z - File created: C:\Users\mahmoed hassan\Desktop\node js assignment\node_modules\picomatch\index.js
2024-08-29T15:50:36.703Z - File created: C:\Users\mahmoed hassan\Desktop\node js assignment\node_modules\picomatch\LICENSE
2024-08-29T15:50:36.704Z - File created: C:\Users\mahmoed hassan\Desktop\node js assignment\node_modules\picomatch\package.json
2024-08-29T15:50:36.704Z - File created: C:\Users\mahmoed hassan\Desktop\node js assignment\node_modules\picomatch\README.md
2024-08-29T15:50:36.705Z - File created: C:\Users\mahmoed hassan\Desktop\node js assignment\node_modules\process\.eslintrc
2024-08-29T15:50:36.705Z - File created: C:\Users\mahmoed hassan\Desktop\node js assignment\node_modules\process\browser.js
2024-08-29T15:50:36.706Z - File created: C:\Users\mahmoed hassan\Desktop\node js assignment\node_modules\process\index.js
2024-08-29T15:50:36.706Z - File created: C:\Users\mahmoed hassan\Desktop\node js assignment\node_modules\process\LICENSE
2024-08-29T15:50:36.707Z - File created: C:\Users\mahmoed hassan\Desktop\node js assignment\node_modules\process\package.json
2024-08-29T15:50:36.707Z - File created: C:\Users\mahmoed hassan\Desktop\node js assignment\node_modules\process\README.md
2024-08-29T15:50:36.707Z - File created: C:\Users\mahmoed hassan\Desktop\node js assignment\node_modules\process\test.js
2024-08-29T15:50:36.708Z - File created: C:\Users\mahmoed hassan\Desktop\node js assignment\node_modules\normalize-path\index.js
2024-08-29T15:50:36.709Z - File created: C:\Users\mahmoed hassan\Desktop\node js assignment\node_modules\normalize-path\LICENSE
2024-08-29T15:50:36.711Z - File created: C:\Users\mahmoed hassan\Desktop\node js assignment\node_modules\normalize-path\package.json
2024-08-29T15:50:36.712Z - File created: C:\Users\mahmoed hassan\Desktop\node js assignment\node_modules\normalize-path\README.md
2024-08-29T15:50:36.712Z - File created: C:\Users\mahmoed hassan\Desktop\node js assignment\node_modules\readdirp\index.d.ts
2024-08-29T15:50:36.713Z - File created: C:\Users\mahmoed hassan\Desktop\node js assignment\node_modules\readdirp\LICENSE
2024-08-29T15:50:36.713Z - File created: C:\Users\mahmoed hassan\Desktop\node js assignment\node_modules\readdirp\index.js
2024-08-29T15:50:36.713Z - File created: C:\Users\mahmoed hassan\Desktop\node js assignment\node_modules\readdirp\package.json
2024-08-29T15:50:36.714Z - File created: C:\Users\mahmoed hassan\Desktop\node js assignment\node_modules\readdirp\README.md
2024-08-29T15:50:36.714Z - File created: C:\Users\mahmoed hassan\Desktop\node js assignment\node_modules\to-regex-range\index.js
2024-08-29T15:50:36.715Z - File created: C:\Users\mahmoed hassan\Desktop\node js assignment\node_modules\to-regex-range\LICENSE
2024-08-29T15:50:36.716Z - File created: C:\Users\mahmoed hassan\Desktop\node js assignment\node_modules\to-regex-range\package.json
2024-08-29T15:50:36.716Z - File created: C:\Users\mahmoed hassan\Desktop\node js assignment\node_modules\to-regex-range\README.md
2024-08-29T15:50:36.717Z - File created: C:\Users\mahmoed hassan\Desktop\node js assignment\node_modules\util\LICENSE
2024-08-29T15:50:36.717Z - File created: C:\Users\mahmoed hassan\Desktop\node js assignment\node_modules\util\package.json
2024-08-29T15:50:36.718Z - File created: C:\Users\mahmoed hassan\Desktop\node js assignment\node_modules\util\README.md
2024-08-29T15:50:36.718Z - File created: C:\Users\mahmoed hassan\Desktop\node js assignment\node_modules\util\util.js
2024-08-29T15:50:36.723Z - File created: C:\Users\mahmoed hassan\Desktop\node js assignment\node_modules\chokidar\lib\constants.js
2024-08-29T15:50:36.724Z - File created: C:\Users\mahmoed hassan\Desktop\node js assignment\node_modules\chokidar\lib\fsevents-handler.js
2024-08-29T15:50:36.724Z - File created: C:\Users\mahmoed hassan\Desktop\node js assignment\node_modules\chokidar\lib\nodefs-handler.js
2024-08-29T15:50:36.725Z - File created: C:\Users\mahmoed hassan\Desktop\node js assignment\node_modules\braces\lib\compile.js
2024-08-29T15:50:36.726Z - File created: C:\Users\mahmoed hassan\Desktop\node js assignment\node_modules\braces\lib\constants.js
2024-08-29T15:50:36.727Z - File created: C:\Users\mahmoed hassan\Desktop\node js assignment\node_modules\braces\lib\expand.js
2024-08-29T15:50:36.728Z - File created: C:\Users\mahmoed hassan\Desktop\node js assignment\node_modules\braces\lib\parse.js
2024-08-29T15:50:36.728Z - File created: C:\Users\mahmoed hassan\Desktop\node js assignment\node_modules\braces\lib\stringify.js
2024-08-29T15:50:36.729Z - File created: C:\Users\mahmoed hassan\Desktop\node js assignment\node_modules\braces\lib\utils.js
2024-08-29T15:50:36.729Z - File created: C:\Users\mahmoed hassan\Desktop\node js assignment\node_modules\chokidar\types\index.d.ts
2024-08-29T15:50:36.730Z - File created: C:\Users\mahmoed hassan\Desktop\node js assignment\node_modules\picomatch\lib\constants.js
2024-08-29T15:50:36.730Z - File created: C:\Users\mahmoed hassan\Desktop\node js assignment\node_modules\picomatch\lib\parse.js
2024-08-29T15:50:36.731Z - File created: C:\Users\mahmoed hassan\Desktop\node js assignment\node_modules\picomatch\lib\picomatch.js
2024-08-29T15:50:36.731Z - File created: C:\Users\mahmoed hassan\Desktop\node js assignment\node_modules\picomatch\lib\scan.js
2024-08-29T15:50:36.732Z - File created: C:\Users\mahmoed hassan\Desktop\node js assignment\node_modules\picomatch\lib\utils.js
2024-08-29T15:50:36.732Z - File created: C:\Users\mahmoed hassan\Desktop\node js assignment\node_modules\util\support\isBuffer.js
2024-08-29T15:50:36.733Z - File created: C:\Users\mahmoed hassan\Desktop\node js assignment\node_modules\util\support\isBufferBrowser.js
2024-08-29T15:50:58.851Z - File modified: C:\Users\mahmoed hassan\Desktop\node js assignment\file_changes.log
2024-08-29T15:51:11.813Z - File modified: C:\Users\mahmoed hassan\Desktop\node js assignment\file_changes.log
2024-08-29T15:52:20.785Z - File modified: C:\Users\mahmoed hassan\Desktop\node js assignment\file_changes.log
2024-08-29T16:11:13.906Z - File created: C:\Users\mahmoed hassan\Desktop\node js assignment\file_changes.log
2024-08-29T16:11:13.908Z - File created: C:\Users\mahmoed hassan\Desktop\node js assignment\index.js
2024-08-29T16:11:13.909Z - File created: C:\Users\mahmoed hassan\Desktop\node js assignment\package-lock.json
2024-08-29T16:11:13.909Z - File created: C:\Users\mahmoed hassan\Desktop\node js assignment\package.json
2024-08-29T16:11:13.919Z - File created: C:\Users\mahmoed hassan\Desktop\node js assignment\node_modules\.package-lock.json
2024-08-29T16:11:13.976Z - File created: C:\Users\mahmoed hassan\Desktop\node js assignment\node_modules\anymatch\index.d.ts
2024-08-29T16:11:13.976Z - File created: C:\Users\mahmoed hassan\Desktop\node js assignment\node_modules\anymatch\index.js
2024-08-29T16:11:13.977Z - File created: C:\Users\mahmoed hassan\Desktop\node js assignment\node_modules\anymatch\LICENSE
2024-08-29T16:11:13.978Z - File created: C:\Users\mahmoed hassan\Desktop\node js assignment\node_modules\anymatch\package.json
2024-08-29T16:11:13.979Z - File created: C:\Users\mahmoed hassan\Desktop\node js assignment\node_modules\anymatch\README.md
2024-08-29T16:11:13.980Z - File created: C:\Users\mahmoed hassan\Desktop\node js assignment\node_modules\binary-extensions\binary-extensions.json
2024-08-29T16:11:13.983Z - File created: C:\Users\mahmoed hassan\Desktop\node js assignment\node_modules\binary-extensions\binary-extensions.json.d.ts
2024-08-29T16:11:13.985Z - File created: C:\Users\mahmoed hassan\Desktop\node js assignment\node_modules\binary-extensions\index.d.ts
2024-08-29T16:11:13.987Z - File created: C:\Users\mahmoed hassan\Desktop\node js assignment\node_modules\binary-extensions\index.js
2024-08-29T16:11:13.989Z - File created: C:\Users\mahmoed hassan\Desktop\node js assignment\node_modules\binary-extensions\license
2024-08-29T16:11:13.990Z - File created: C:\Users\mahmoed hassan\Desktop\node js assignment\node_modules\binary-extensions\package.json
2024-08-29T16:11:13.991Z - File created: C:\Users\mahmoed hassan\Desktop\node js assignment\node_modules\binary-extensions\readme.md
2024-08-29T16:11:13.991Z - File created: C:\Users\mahmoed hassan\Desktop\node js assignment\node_modules\braces\index.js
2024-08-29T16:11:13.992Z - File created: C:\Users\mahmoed hassan\Desktop\node js assignment\node_modules\braces\LICENSE
2024-08-29T16:11:13.993Z - File created: C:\Users\mahmoed hassan\Desktop\node js assignment\node_modules\braces\package.json
2024-08-29T16:11:13.993Z - File created: C:\Users\mahmoed hassan\Desktop\node js assignment\node_modules\braces\README.md
2024-08-29T16:11:13.994Z - File created: C:\Users\mahmoed hassan\Desktop\node js assignment\node_modules\chokidar\index.js
2024-08-29T16:11:13.995Z - File created: C:\Users\mahmoed hassan\Desktop\node js assignment\node_modules\chokidar\LICENSE
2024-08-29T16:11:13.995Z - File created: C:\Users\mahmoed hassan\Desktop\node js assignment\node_modules\chokidar\package.json
2024-08-29T16:11:13.996Z - File created: C:\Users\mahmoed hassan\Desktop\node js assignment\node_modules\chokidar\README.md
2024-08-29T16:11:14.000Z - File created: C:\Users\mahmoed hassan\Desktop\node js assignment\node_modules\fill-range\index.js
2024-08-29T16:11:14.001Z - File created: C:\Users\mahmoed hassan\Desktop\node js assignment\node_modules\fill-range\LICENSE
2024-08-29T16:11:14.002Z - File created: C:\Users\mahmoed hassan\Desktop\node js assignment\node_modules\fill-range\package.json
2024-08-29T16:11:14.003Z - File created: C:\Users\mahmoed hassan\Desktop\node js assignment\node_modules\fill-range\README.md
2024-08-29T16:11:14.004Z - File created: C:\Users\mahmoed hassan\Desktop\node js assignment\node_modules\fs\package.json
2024-08-29T16:11:14.004Z - File created: C:\Users\mahmoed hassan\Desktop\node js assignment\node_modules\fs\README.md
2024-08-29T16:11:14.005Z - File created: C:\Users\mahmoed hassan\Desktop\node js assignment\node_modules\glob-parent\CHANGELOG.md
2024-08-29T16:11:14.006Z - File created: C:\Users\mahmoed hassan\Desktop\node js assignment\node_modules\glob-parent\index.js
2024-08-29T16:11:14.006Z - File created: C:\Users\mahmoed hassan\Desktop\node js assignment\node_modules\glob-parent\LICENSE
2024-08-29T16:11:14.007Z - File created: C:\Users\mahmoed hassan\Desktop\node js assignment\node_modules\glob-parent\package.json
2024-08-29T16:11:14.007Z - File created: C:\Users\mahmoed hassan\Desktop\node js assignment\node_modules\glob-parent\README.md
2024-08-29T16:11:14.008Z - File created: C:\Users\mahmoed hassan\Desktop\node js assignment\node_modules\inherits\inherits.js
2024-08-29T16:11:14.009Z - File created: C:\Users\mahmoed hassan\Desktop\node js assignment\node_modules\inherits\inherits_browser.js
2024-08-29T16:11:14.009Z - File created: C:\Users\mahmoed hassan\Desktop\node js assignment\node_modules\inherits\LICENSE
2024-08-29T16:11:14.010Z - File created: C:\Users\mahmoed hassan\Desktop\node js assignment\node_modules\inherits\package.json
2024-08-29T16:11:14.010Z - File created: C:\Users\mahmoed hassan\Desktop\node js assignment\node_modules\inherits\README.md
2024-08-29T16:11:14.011Z - File created: C:\Users\mahmoed hassan\Desktop\node js assignment\node_modules\is-binary-path\index.d.ts
2024-08-29T16:11:14.011Z - File created: C:\Users\mahmoed hassan\Desktop\node js assignment\node_modules\is-binary-path\index.js
2024-08-29T16:11:14.015Z - File created: C:\Users\mahmoed hassan\Desktop\node js assignment\node_modules\is-binary-path\license
2024-08-29T16:11:14.016Z - File created: C:\Users\mahmoed hassan\Desktop\node js assignment\node_modules\is-binary-path\package.json
2024-08-29T16:11:14.017Z - File created: C:\Users\mahmoed hassan\Desktop\node js assignment\node_modules\is-binary-path\readme.md
2024-08-29T16:11:14.018Z - File created: C:\Users\mahmoed hassan\Desktop\node js assignment\node_modules\is-extglob\index.js
2024-08-29T16:11:14.018Z - File created: C:\Users\mahmoed hassan\Desktop\node js assignment\node_modules\is-extglob\LICENSE
2024-08-29T16:11:14.019Z - File created: C:\Users\mahmoed hassan\Desktop\node js assignment\node_modules\is-extglob\package.json
2024-08-29T16:11:14.019Z - File created: C:\Users\mahmoed hassan\Desktop\node js assignment\node_modules\is-extglob\README.md
2024-08-29T16:11:14.020Z - File created: C:\Users\mahmoed hassan\Desktop\node js assignment\node_modules\is-glob\index.js
2024-08-29T16:11:14.020Z - File created: C:\Users\mahmoed hassan\Desktop\node js assignment\node_modules\is-glob\LICENSE
2024-08-29T16:11:14.021Z - File created: C:\Users\mahmoed hassan\Desktop\node js assignment\node_modules\is-glob\package.json
2024-08-29T16:11:14.021Z - File created: C:\Users\mahmoed hassan\Desktop\node js assignment\node_modules\is-glob\README.md
2024-08-29T16:11:14.022Z - File created: C:\Users\mahmoed hassan\Desktop\node js assignment\node_modules\is-number\index.js
2024-08-29T16:11:14.023Z - File created: C:\Users\mahmoed hassan\Desktop\node js assignment\node_modules\is-number\LICENSE
2024-08-29T16:11:14.023Z - File created: C:\Users\mahmoed hassan\Desktop\node js assignment\node_modules\is-number\package.json
2024-08-29T16:11:14.024Z - File created: C:\Users\mahmoed hassan\Desktop\node js assignment\node_modules\is-number\README.md
2024-08-29T16:11:14.025Z - File created: C:\Users\mahmoed hassan\Desktop\node js assignment\node_modules\normalize-path\index.js
2024-08-29T16:11:14.025Z - File created: C:\Users\mahmoed hassan\Desktop\node js assignment\node_modules\normalize-path\LICENSE
2024-08-29T16:11:14.026Z - File created: C:\Users\mahmoed hassan\Desktop\node js assignment\node_modules\normalize-path\package.json
2024-08-29T16:11:14.027Z - File created: C:\Users\mahmoed hassan\Desktop\node js assignment\node_modules\normalize-path\README.md
2024-08-29T16:11:14.027Z - File created: C:\Users\mahmoed hassan\Desktop\node js assignment\node_modules\path\.npmignore
2024-08-29T16:11:14.028Z - File created: C:\Users\mahmoed hassan\Desktop\node js assignment\node_modules\path\LICENSE
2024-08-29T16:11:14.028Z - File created: C:\Users\mahmoed hassan\Desktop\node js assignment\node_modules\path\package.json
2024-08-29T16:11:14.029Z - File created: C:\Users\mahmoed hassan\Desktop\node js assignment\node_modules\path\path.js
2024-08-29T16:11:14.031Z - File created: C:\Users\mahmoed hassan\Desktop\node js assignment\node_modules\path\README.md
2024-08-29T16:11:14.033Z - File created: C:\Users\mahmoed hassan\Desktop\node js assignment\node_modules\picomatch\CHANGELOG.md
2024-08-29T16:11:14.033Z - File created: C:\Users\mahmoed hassan\Desktop\node js assignment\node_modules\picomatch\index.js
2024-08-29T16:11:14.034Z - File created: C:\Users\mahmoed hassan\Desktop\node js assignment\node_modules\picomatch\LICENSE
2024-08-29T16:11:14.035Z - File created: C:\Users\mahmoed hassan\Desktop\node js assignment\node_modules\picomatch\package.json
2024-08-29T16:11:14.035Z - File created: C:\Users\mahmoed hassan\Desktop\node js assignment\node_modules\picomatch\README.md
2024-08-29T16:11:14.036Z - File created: C:\Users\mahmoed hassan\Desktop\node js assignment\node_modules\process\.eslintrc
2024-08-29T16:11:14.036Z - File created: C:\Users\mahmoed hassan\Desktop\node js assignment\node_modules\process\browser.js
2024-08-29T16:11:14.037Z - File created: C:\Users\mahmoed hassan\Desktop\node js assignment\node_modules\process\index.js
2024-08-29T16:11:14.037Z - File created: C:\Users\mahmoed hassan\Desktop\node js assignment\node_modules\process\LICENSE
2024-08-29T16:11:14.038Z - File created: C:\Users\mahmoed hassan\Desktop\node js assignment\node_modules\process\package.json
2024-08-29T16:11:14.038Z - File created: C:\Users\mahmoed hassan\Desktop\node js assignment\node_modules\process\README.md
2024-08-29T16:11:14.039Z - File created: C:\Users\mahmoed hassan\Desktop\node js assignment\node_modules\process\test.js
2024-08-29T16:11:14.039Z - File created: C:\Users\mahmoed hassan\Desktop\node js assignment\node_modules\readdirp\index.d.ts
2024-08-29T16:11:14.040Z - File created: C:\Users\mahmoed hassan\Desktop\node js assignment\node_modules\readdirp\index.js
2024-08-29T16:11:14.040Z - File created: C:\Users\mahmoed hassan\Desktop\node js assignment\node_modules\readdirp\LICENSE
2024-08-29T16:11:14.041Z - File created: C:\Users\mahmoed hassan\Desktop\node js assignment\node_modules\readdirp\package.json
2024-08-29T16:11:14.041Z - File created: C:\Users\mahmoed hassan\Desktop\node js assignment\node_modules\readdirp\README.md
2024-08-29T16:11:14.042Z - File created: C:\Users\mahmoed hassan\Desktop\node js assignment\node_modules\to-regex-range\index.js
2024-08-29T16:11:14.043Z - File created: C:\Users\mahmoed hassan\Desktop\node js assignment\node_modules\to-regex-range\LICENSE
2024-08-29T16:11:14.043Z - File created: C:\Users\mahmoed hassan\Desktop\node js assignment\node_modules\to-regex-range\package.json
2024-08-29T16:11:14.044Z - File created: C:\Users\mahmoed hassan\Desktop\node js assignment\node_modules\to-regex-range\README.md
2024-08-29T16:11:14.044Z - File created: C:\Users\mahmoed hassan\Desktop\node js assignment\node_modules\util\LICENSE
2024-08-29T16:11:14.045Z - File created: C:\Users\mahmoed hassan\Desktop\node js assignment\node_modules\util\package.json
2024-08-29T16:11:14.045Z - File created: C:\Users\mahmoed hassan\Desktop\node js assignment\node_modules\util\README.md
2024-08-29T16:11:14.048Z - File created: C:\Users\mahmoed hassan\Desktop\node js assignment\node_modules\util\util.js
2024-08-29T16:11:14.053Z - File modified: C:\Users\mahmoed hassan\Desktop\node js assignment\file_changes.log
2024-08-29T16:11:14.071Z - File created: C:\Users\mahmoed hassan\Desktop\node js assignment\node_modules\braces\lib\compile.js
2024-08-29T16:11:14.072Z - File created: C:\Users\mahmoed hassan\Desktop\node js assignment\node_modules\braces\lib\constants.js
2024-08-29T16:11:14.072Z - File created: C:\Users\mahmoed hassan\Desktop\node js assignment\node_modules\braces\lib\expand.js
2024-08-29T16:11:14.073Z - File created: C:\Users\mahmoed hassan\Desktop\node js assignment\node_modules\braces\lib\parse.js
2024-08-29T16:11:14.073Z - File created: C:\Users\mahmoed hassan\Desktop\node js assignment\node_modules\braces\lib\stringify.js
2024-08-29T16:11:14.074Z - File created: C:\Users\mahmoed hassan\Desktop\node js assignment\node_modules\braces\lib\utils.js
2024-08-29T16:11:14.074Z - File created: C:\Users\mahmoed hassan\Desktop\node js assignment\node_modules\chokidar\lib\constants.js
2024-08-29T16:11:14.075Z - File created: C:\Users\mahmoed hassan\Desktop\node js assignment\node_modules\chokidar\lib\fsevents-handler.js
2024-08-29T16:11:14.075Z - File created: C:\Users\mahmoed hassan\Desktop\node js assignment\node_modules\chokidar\lib\nodefs-handler.js
2024-08-29T16:11:14.076Z - File created: C:\Users\mahmoed hassan\Desktop\node js assignment\node_modules\chokidar\types\index.d.ts
2024-08-29T16:11:14.077Z - File created: C:\Users\mahmoed hassan\Desktop\node js assignment\node_modules\picomatch\lib\constants.js
2024-08-29T16:11:14.077Z - File created: C:\Users\mahmoed hassan\Desktop\node js assignment\node_modules\picomatch\lib\parse.js
2024-08-29T16:11:14.078Z - File created: C:\Users\mahmoed hassan\Desktop\node js assignment\node_modules\picomatch\lib\picomatch.js
2024-08-29T16:11:14.078Z - File created: C:\Users\mahmoed hassan\Desktop\node js assignment\node_modules\picomatch\lib\scan.js
2024-08-29T16:11:14.079Z - File created: C:\Users\mahmoed hassan\Desktop\node js assignment\node_modules\picomatch\lib\utils.js
2024-08-29T16:11:14.082Z - File created: C:\Users\mahmoed hassan\Desktop\node js assignment\node_modules\util\support\isBuffer.js
2024-08-29T16:11:14.083Z - File created: C:\Users\mahmoed hassan\Desktop\node js assignment\node_modules\util\support\isBufferBrowser.js
2024-08-29T16:11:16.213Z - File modified: C:\Users\mahmoed hassan\Desktop\node js assignment\file_changes.log
2024-08-29T16:11:16.213Z - File modified: C:\Users\mahmoed hassan\Desktop\node js assignment\file_changes.log
2024-08-29T16:14:05.470Z - File modified: C:\Users\mahmoed hassan\Desktop\node js assignment\file_changes.log
2024-08-29T16:14:05.470Z - File modified: C:\Users\mahmoed hassan\Desktop\node js assignment\file_changes.log
2024-08-29T16:14:11.209Z - File modified: C:\Users\mahmoed hassan\Desktop\node js assignment\file_changes.log
2024-08-29T16:14:11.209Z - File modified: C:\Users\mahmoed hassan\Desktop\node js assignment\file_changes.log
2024-08-29T16:15:08.534Z - File modified: C:\Users\mahmoed hassan\Desktop\node js assignment\file_changes.log
2024-08-29T16:15:08.534Z - File modified: C:\Users\mahmoed hassan\Desktop\node js assignment\file_changes.log
2024-08-29T16:15:08.534Z - File created: C:\Users\mahmoed hassan\Desktop\node js assignment\New Text Document.txt
2024-08-29T16:15:08.535Z - File created: C:\Users\mahmoed hassan\Desktop\node js assignment\New Text Document.txt
2024-08-29T16:15:14.585Z - File deleted: C:\Users\mahmoed hassan\Desktop\node js assignment\New Text Document.txt
2024-08-29T16:15:14.586Z - File deleted: C:\Users\mahmoed hassan\Desktop\node js assignment\New Text Document.txt
2024-08-29T16:15:16.580Z - File created: C:\Users\mahmoed hassan\Desktop\node js assignment\test.txt
2024-08-29T16:15:16.581Z - File created: C:\Users\mahmoed hassan\Desktop\node js assignment\test.txt
2024-08-29T16:15:18.801Z - File modified: C:\Users\mahmoed hassan\Desktop\node js assignment\file_changes.log
2024-08-29T16:15:18.802Z - File modified: C:\Users\mahmoed hassan\Desktop\node js assignment\file_changes.log
2024-08-29T16:15:25.700Z - File modified: C:\Users\mahmoed hassan\Desktop\node js assignment\file_changes.log
2024-08-29T16:15:25.700Z - File modified: C:\Users\mahmoed hassan\Desktop\node js assignment\test.txt
2024-08-29T16:15:25.700Z - File modified: C:\Users\mahmoed hassan\Desktop\node js assignment\test.txt
2024-08-29T16:15:25.702Z - File modified: C:\Users\mahmoed hassan\Desktop\node js assignment\file_changes.log
2024-08-29T16:15:27.793Z - File modified: C:\Users\mahmoed hassan\Desktop\node js assignment\file_changes.log
2024-08-29T16:15:27.793Z - File modified: C:\Users\mahmoed hassan\Desktop\node js assignment\file_changes.log
2024-08-29T16:15:54.491Z - File deleted: C:\Users\mahmoed hassan\Desktop\node js assignment\test.txt
2024-08-29T16:15:54.491Z - File deleted: C:\Users\mahmoed hassan\Desktop\node js assignment\test.txt
2024-08-29T16:15:56.599Z - File modified: C:\Users\mahmoed hassan\Desktop\node js assignment\file_changes.log
2024-08-29T16:15:58.712Z - File modified: C:\Users\mahmoed hassan\Desktop\node js assignment\file_changes.log
2024-08-29T16:15:58.713Z - File modified: C:\Users\mahmoed hassan\Desktop\node js assignment\file_changes.log
2024-08-29T16:38:03.052Z - File modified: C:\Users\mahmoed hassan\Desktop\node js assignment\index.js
2024-08-29T16:38:03.053Z - File modified: C:\Users\mahmoed hassan\Desktop\node js assignment\index.js
2024-08-29T16:38:19.149Z - File modified: C:\Users\mahmoed hassan\Desktop\node js assignment\file_changes.log
2024-08-29T16:38:21.272Z - File modified: C:\Users\mahmoed hassan\Desktop\node js assignment\file_changes.log
2024-08-29T16:38:21.273Z - File modified: C:\Users\mahmoed hassan\Desktop\node js assignment\file_changes.log
2024-08-29T16:38:42.446Z - File modified: C:\Users\mahmoed hassan\Desktop\node js assignment\file_changes.log
2024-08-29T16:38:42.446Z - File created: C:\Users\mahmoed hassan\Desktop\node js assignment\watch\test.txt
2024-08-29T16:38:42.462Z - File created: C:\Users\mahmoed hassan\Desktop\node js assignment\watch\test.txt
2024-08-29T16:38:44.568Z - File modified: C:\Users\mahmoed hassan\Desktop\node js assignment\file_changes.log
2024-08-29T16:38:46.786Z - File modified: C:\Users\mahmoed hassan\Desktop\node js assignment\file_changes.log
2024-08-29T16:38:46.787Z - File modified: C:\Users\mahmoed hassan\Desktop\node js assignment\file_changes.log
2024-08-29T16:38:59.705Z - File modified: C:\Users\mahmoed hassan\Desktop\node js assignment\file_changes.log
2024-08-29T16:39:11.766Z - File deleted: C:\Users\mahmoed hassan\Desktop\node js assignment\watch\test.txt
2024-08-29T16:39:13.859Z - File modified: C:\Users\mahmoed hassan\Desktop\node js assignment\file_changes.log
2024-08-29T16:46:57.623Z - File modified: C:\Users\mahmoed hassan\Desktop\node js assignment\file_changes.log
2024-08-29T16:46:57.655Z - File modified: C:\Users\mahmoed hassan\Desktop\node js assignment\index.js
2024-08-29T16:47:16.297Z - File modified: C:\Users\mahmoed hassan\Desktop\node js assignment\file_changes.log
2024-08-29T16:47:31.843Z - File created: C:\Users\mahmoed hassan\Desktop\node js assignment\watch\test.txt
2024-08-29T16:47:31.843Z - File modified: C:\Users\mahmoed hassan\Desktop\node js assignment\file_changes.log
2024-08-29T16:48:13.172Z - File modified: C:\Users\mahmoed hassan\Desktop\node js assignment\index.js
2024-08-29T16:48:15.290Z - File modified: C:\Users\mahmoed hassan\Desktop\node js assignment\file_changes.log
2024-08-29T16:48:43.178Z - File modified: C:\Users\mahmoed hassan\Desktop\node js assignment\index.js
2024-08-29T16:48:43.178Z - File modified: C:\Users\mahmoed hassan\Desktop\node js assignment\file_changes.log
2024-08-29T16:49:23.389Z - File modified: C:\Users\mahmoed hassan\Desktop\node js assignment\file_changes.log
2024-08-29T16:49:23.405Z - File created: C:\Users\mahmoed hassan\Desktop\node js assignment\watch\test2.txt
2024-08-29T16:50:24.259Z - File deleted: C:\Users\mahmoed hassan\Desktop\node js assignment\watch\test.txt
2024-08-29T16:50:26.353Z - File modified: C:\Users\mahmoed hassan\Desktop\node js assignment\file_changes.log
2024-08-29T16:54:16.260Z - File modified: C:\Users\mahmoed hassan\Desktop\node js assignment\index.js
2024-08-29T16:54:16.260Z - File modified: C:\Users\mahmoed hassan\Desktop\node js assignment\file_changes.log
2024-08-29T16:54:27.413Z - File modified: C:\Users\mahmoed hassan\Desktop\node js assignment\file_changes.log
2024-08-29T16:54:27.413Z - File modified: C:\Users\mahmoed hassan\Desktop\node js assignment\index.js
2024-08-29T16:54:56.045Z - File deleted: C:\Users\mahmoed hassan\Desktop\node js assignment\watch\test2.txt
2024-08-29T16:54:58.146Z - File modified: C:\Users\mahmoed hassan\Desktop\node js assignment\file_changes.log
2024-08-29T16:56:07.657Z - File modified: C:\Users\mahmoed hassan\Desktop\node js assignment\file_changes.log
2024-08-29T16:56:07.657Z - File created: C:\Users\mahmoed hassan\Desktop\node js assignment\watch\test.txt
2024-08-29T17:01:15.747Z - File modified: C:\Users\mahmoed hassan\Desktop\node js assignment\file_changes.log
2024-08-29T17:01:15.748Z - File modified: C:\Users\mahmoed hassan\Desktop\node js assignment\index.js
2024-08-29T17:04:30.786Z - File modified: C:\Users\mahmoed hassan\Desktop\node js assignment\file_changes.log
2024-08-29T17:04:31.486Z - File modified: C:\Users\mahmoed hassan\Desktop\node js assignment\package-lock.json
2024-08-29T17:04:31.486Z - File modified: C:\Users\mahmoed hassan\Desktop\node js assignment\node_modules\.package-lock.json
2024-08-29T17:05:13.070Z - File modified: C:\Users\mahmoed hassan\Desktop\node js assignment\index.js
2024-08-29T17:05:13.070Z - File modified: C:\Users\mahmoed hassan\Desktop\node js assignment\file_changes.log
2024-08-29T17:06:16.978Z - File modified: C:\Users\mahmoed hassan\Desktop\node js assignment\index.js
2024-08-29T17:06:16.978Z - File modified: C:\Users\mahmoed hassan\Desktop\node js assignment\file_changes.log
2024-08-29T17:06:44.606Z - File modified: C:\Users\mahmoed hassan\Desktop\node js assignment\index.js
2024-08-29T17:06:44.606Z - File modified: C:\Users\mahmoed hassan\Desktop\node js assignment\file_changes.log
2024-08-29T17:06:47.966Z - File deleted: C:\Users\mahmoed hassan\Desktop\node js assignment\watch\test.txt
2024-08-29T17:06:50.086Z - File modified: C:\Users\mahmoed hassan\Desktop\node js assignment\file_changes.log
2024-08-29T17:07:14.962Z - File created: C:\Users\mahmoed hassan\Desktop\node js assignment\watch\test.txt
2024-08-29T17:07:14.962Z - File modified: C:\Users\mahmoed hassan\Desktop\node js assignment\file_changes.log
2024-08-29T17:07:23.757Z - File deleted: C:\Users\mahmoed hassan\Desktop\node js assignment\watch\test.txt
2024-08-29T17:07:25.861Z - File modified: C:\Users\mahmoed hassan\Desktop\node js assignment\file_changes.log
2024-08-29T17:08:15.987Z - File modified: C:\Users\mahmoed hassan\Desktop\node js assignment\file_changes.log
2024-08-29T17:08:22.537Z - File modified: C:\Users\mahmoed hassan\Desktop\node js assignment\file_changes.log
2024-08-29T17:08:33.920Z - File modified: C:\Users\mahmoed hassan\Desktop\node js assignment\file_changes.log
2024-08-29T17:08:33.920Z - File created: C:\Users\mahmoed hassan\Desktop\node js assignment\watch\test2.txt
2024-08-29T17:08:55.857Z - File modified: C:\Users\mahmoed hassan\Desktop\node js assignment\watch\test2.txt
2024-08-29T17:09:39.498Z - File deleted: C:\Users\mahmoed hassan\Desktop\node js assignment\watch\test2.txt
2024-08-29T17:09:41.603Z - File modified: C:\Users\mahmoed hassan\Desktop\node js assignment\file_changes.log
2024-08-29T17:09:58.767Z - File modified: C:\Users\mahmoed hassan\Desktop\node js assignment\file_changes.log
2024-08-29T17:09:58.783Z - File modified: C:\Users\mahmoed hassan\Desktop\node js assignment\package-lock.json
2024-08-29T17:09:58.783Z - File modified: C:\Users\mahmoed hassan\Desktop\node js assignment\node_modules\.package-lock.json
2024-08-29T17:10:20.158Z - File created: C:\Users\mahmoed hassan\Desktop\node js assignment\watch\test.txt
2024-08-29T17:10:20.158Z - File modified: C:\Users\mahmoed hassan\Desktop\node js assignment\file_changes.log
2024-08-29T17:10:30.071Z - File modified: C:\Users\mahmoed hassan\Desktop\node js assignment\file_changes.log
2024-08-29T17:10:30.071Z - File created: C:\Users\mahmoed hassan\Desktop\node js assignment\watch\test2.txt
2024-08-29T17:10:40.288Z - File modified: C:\Users\mahmoed hassan\Desktop\node js assignment\watch\test2.txt
2024-08-29T17:10:46.799Z - File deleted: C:\Users\mahmoed hassan\Desktop\node js assignment\watch\test2.txt
2024-08-29T17:10:48.896Z - File modified: C:\Users\mahmoed hassan\Desktop\node js assignment\file_changes.log
2024-08-29T17:11:00.911Z - File modified: C:\Users\mahmoed hassan\Desktop\node js assignment\file_changes.log
2024-08-29T17:11:00.911Z - File created: C:\Users\mahmoed hassan\Desktop\node js assignment\watch\error
2024-08-29T17:11:12.479Z - File modified: C:\Users\mahmoed hassan\Desktop\node js assignment\watch\error
2024-08-29T17:14:46.962Z - File modified: C:\Users\mahmoed hassan\Desktop\node js assignment\file_changes.log
2024-08-29T17:14:46.962Z - File created: C:\Users\mahmoed hassan\Desktop\node js assignment\watch\add.txt
2024-08-29T17:15:48.658Z - File modified: C:\Users\mahmoed hassan\Desktop\node js assignment\watch\add.txt
2024-08-29T17:15:48.658Z - File modified: C:\Users\mahmoed hassan\Desktop\node js assignment\watch\test.txt
2024-08-29T17:16:07.319Z - File created: C:\Users\mahmoed hassan\Desktop\node js assignment\watch\add2.txt
2024-08-29T17:16:07.319Z - File modified: C:\Users\mahmoed hassan\Desktop\node js assignment\file_changes.log
2024-08-29T17:17:53.694Z - File modified: C:\Users\mahmoed hassan\Desktop\node js assignment\watch\add.txt
2024-08-29T17:17:53.694Z - File modified: C:\Users\mahmoed hassan\Desktop\node js assignment\watch\add2.txt
2024-08-29T17:17:53.694Z - File modified: C:\Users\mahmoed hassan\Desktop\node js assignment\watch\test.txt
2024-08-29T17:17:53.694Z - File modified: C:\Users\mahmoed hassan\Desktop\node js assignment\file_changes.log
2024-08-29T17:18:00.090Z - File deleted: C:\Users\mahmoed hassan\Desktop\node js assignment\watch\test.txt
2024-08-29T17:18:00.090Z - File deleted: C:\Users\mahmoed hassan\Desktop\node js assignment\watch\error
2024-08-29T17:18:00.090Z - File deleted: C:\Users\mahmoed hassan\Desktop\node js assignment\watch\add.txt
2024-08-29T17:18:00.090Z - File deleted: C:\Users\mahmoed hassan\Desktop\node js assignment\watch\add2.txt
2024-08-29T17:18:02.178Z - File modified: C:\Users\mahmoed hassan\Desktop\node js assignment\file_changes.log
2024-08-29T17:18:06.556Z - File modified: C:\Users\mahmoed hassan\Desktop\node js assignment\file_changes.log
2024-08-29T17:18:10.835Z - File modified: C:\Users\mahmoed hassan\Desktop\node js assignment\file_changes.log
2024-08-29T17:18:32.286Z - File modified: C:\Users\mahmoed hassan\Desktop\node js assignment\file_changes.log
2024-08-29T17:18:32.286Z - File modified: C:\Users\mahmoed hassan\Desktop\node js assignment\index.js
2024-08-29T17:21:54.518Z - File modified: C:\Users\mahmoed hassan\Desktop\node js assignment\index.js
2024-08-29T17:21:54.518Z - File modified: C:\Users\mahmoed hassan\Desktop\node js assignment\file_changes.log
2024-08-29T17:22:19.189Z - File modified: C:\Users\mahmoed hassan\Desktop\node js assignment\file_changes.log
2024-08-29T17:22:19.204Z - File modified: C:\Users\mahmoed hassan\Desktop\node js assignment\package-lock.json
2024-08-29T17:22:19.220Z - File modified: C:\Users\mahmoed hassan\Desktop\node js assignment\node_modules\.package-lock.json
2024-08-29T17:22:27.974Z - File modified: C:\Users\mahmoed hassan\Desktop\node js assignment\file_changes.log
2024-08-29T17:22:28.006Z - File modified: C:\Users\mahmoed hassan\Desktop\node js assignment\package-lock.json
2024-08-29T17:22:28.006Z - File modified: C:\Users\mahmoed hassan\Desktop\node js assignment\node_modules\.package-lock.json
2024-08-29T17:22:53.596Z - File created: C:\Users\mahmoed hassan\Desktop\node js assignment\watch\test
2024-08-29T17:22:53.596Z - File modified: C:\Users\mahmoed hassan\Desktop\node js assignment\file_changes.log
2024-08-29T17:23:07.934Z - File modified: C:\Users\mahmoed hassan\Desktop\node js assignment\file_changes.log
2024-08-29T17:23:07.934Z - File created: C:\Users\mahmoed hassan\Desktop\node js assignment\watch\test2.txt
2024-08-29T17:23:21.887Z - File modified: C:\Users\mahmoed hassan\Desktop\node js assignment\watch\test2.txt
2024-08-29T17:23:50.644Z - File deleted: C:\Users\mahmoed hassan\Desktop\node js assignment\watch\test
2024-08-29T17:23:52.719Z - File modified: C:\Users\mahmoed hassan\Desktop\node js assignment\file_changes.log
2024-08-29T17:24:16.345Z - File modified: C:\Users\mahmoed hassan\Desktop\node js assignment\file_changes.log
2024-08-29T17:24:16.345Z - File modified: C:\Users\mahmoed hassan\Desktop\node js assignment\index.js
2024-08-29T17:24:18.984Z - File modified: C:\Users\mahmoed hassan\Desktop\node js assignment\file_changes.log
2024-08-29T17:24:29.551Z - File deleted: C:\Users\mahmoed hassan\Desktop\node js assignment\watch\test2.txt
2024-08-29T17:24:31.638Z - File modified: C:\Users\mahmoed hassan\Desktop\node js assignment\file_changes.log
2024-08-29T17:24:50.330Z - File modified: C:\Users\mahmoed hassan\Desktop\node js assignment\file_changes.log
2024-08-29T17:24:50.330Z - File created: C:\Users\mahmoed hassan\Desktop\node js assignment\watch\test.txt
2024-08-29T17:25:02.678Z - File modified: C:\Users\mahmoed hassan\Desktop\node js assignment\file_changes.log
2024-08-29T17:25:02.678Z - File created: C:\Users\mahmoed hassan\Desktop\node js assignment\watch\test2.txt
2024-08-29T17:25:09.972Z - File modified: C:\Users\mahmoed hassan\Desktop\node js assignment\watch\test2.txt
2024-08-29T17:25:15.320Z - File deleted: C:\Users\mahmoed hassan\Desktop\node js assignment\watch\test.txt
2024-08-29T17:25:17.411Z - File modified: C:\Users\mahmoed hassan\Desktop\node js assignment\file_changes.log
2024-08-29T17:25:31.094Z - File modified: C:\Users\mahmoed hassan\Desktop\node js assignment\file_changes.log
2024-08-29T17:34:33.052Z - File modified: C:\Users\mahmoed hassan\Desktop\node js assignment\file_changes.log
2024-08-29T17:34:33.052Z - File modified: C:\Users\mahmoed hassan\Desktop\node js assignment\index.js
2024-08-29T17:34:41.385Z - File created: watch\test2.txt
2024-08-29T17:34:48.287Z - File deleted: C:\Users\mahmoed hassan\Desktop\node js assignment\watch\test2.txt
2024-08-29T17:34:48.287Z - File deleted: watch\test2.txt
2024-08-29T17:34:50.365Z - File modified: C:\Users\mahmoed hassan\Desktop\node js assignment\file_changes.log
2024-08-29T17:34:57.874Z - File created: watch\test.txt
2024-08-29T17:34:57.892Z - File created: C:\Users\mahmoed hassan\Desktop\node js assignment\watch\test.txt
2024-08-29T17:35:00.095Z - File modified: C:\Users\mahmoed hassan\Desktop\node js assignment\file_changes.log
2024-08-29T17:38:06.645Z - File modified: C:\Users\mahmoed hassan\Desktop\node js assignment\index.js
2024-08-29T17:38:06.645Z - File modified: C:\Users\mahmoed hassan\Desktop\node js assignment\file_changes.log
2024-08-29T17:39:15.006Z - File modified: C:\Users\mahmoed hassan\Desktop\node js assignment\index.js
2024-08-29T17:39:17.184Z - File modified: C:\Users\mahmoed hassan\Desktop\node js assignment\file_changes.log
2024-08-29T17:39:39.872Z - File modified: C:\Users\mahmoed hassan\Desktop\node js assignment\file_changes.log
2024-08-29T17:39:39.872Z - File created: C:\Users\mahmoed hassan\Desktop\node js assignment\watch\test2.txt
2024-08-29T17:40:21.156Z - File modified: C:\Users\mahmoed hassan\Desktop\node js assignment\index.js
2024-08-29T17:40:23.249Z - File modified: C:\Users\mahmoed hassan\Desktop\node js assignment\file_changes.log
2024-08-29T17:40:24.668Z - File created: C:\Users\mahmoed hassan\Desktop\node js assignment\watch\ef
2024-08-29T17:43:03.468Z - File modified: C:\Users\mahmoed hassan\Desktop\node js assignment\index.js
2024-08-29T17:43:03.468Z - File modified: C:\Users\mahmoed hassan\Desktop\node js assignment\file_changes.log
2024-08-29T17:43:26.389Z - File deleted: C:\Users\mahmoed hassan\Desktop\node js assignment\watch\ef
2024-08-29T17:43:26.389Z - File deleted: C:\Users\mahmoed hassan\Desktop\node js assignment\watch\test.txt
2024-08-29T17:43:26.389Z - File deleted: C:\Users\mahmoed hassan\Desktop\node js assignment\watch\test2.txt
2024-08-29T17:43:28.485Z - File modified: C:\Users\mahmoed hassan\Desktop\node js assignment\file_changes.log
2024-08-29T17:44:13.990Z - File modified: C:\Users\mahmoed hassan\Desktop\node js assignment\file_changes.log
2024-08-29T17:44:14.021Z - File modified: C:\Users\mahmoed hassan\Desktop\node js assignment\node_modules\.package-lock.json
2024-08-29T17:44:14.021Z - File modified: C:\Users\mahmoed hassan\Desktop\node js assignment\package-lock.json
2024-08-29T17:48:00.459Z - File created: C:\Users\mahmoed hassan\Desktop\node js assignment\watch\test.txt
2024-08-29T17:48:17.009Z - File created: C:\Users\mahmoed hassan\Desktop\node js assignment\watch\test modified,txt
2024-08-29T17:48:17.009Z - File modified: C:\Users\mahmoed hassan\Desktop\node js assignment\file_changes.log
2024-08-29T17:48:27.568Z - File modified: C:\Users\mahmoed hassan\Desktop\node js assignment\watch\test modified,txt
2024-08-29T17:48:34.225Z - File deleted: C:\Users\mahmoed hassan\Desktop\node js assignment\watch\test.txt
2024-08-29T17:48:36.316Z - File modified: C:\Users\mahmoed hassan\Desktop\node js assignment\file_changes.log
